<?xml version="1.0" encoding="UTF-8"?>
<!-- Generated by org.testng.reporters.JUnitReportReporter -->
<testsuite hostname="TYSS-MF-WACOM1" name="hrm.hrr.scripts.TestScripts" tests="1" failures="0" timestamp="15 May 2018 00:39:59 GMT" time="51.802" errors="0">
  <testcase name="testSortListBox" time="51.802" classname="hrm.hrr.scripts.TestScripts"/>
</testsuite> <!-- hrm.hrr.scripts.TestScripts -->
